2026-06-12 11:49:41 - 20 - INFO - Initiate the data ingestion
2026-06-12 11:49:48 - 65 - INFO - Performed train test split on the dataframe
2026-06-12 11:49:48 - 67 - INFO - Exited split_data_as_train_test method of Data_Ingestion class
2026-06-12 11:49:48 - 75 - INFO - Exporting train and test file path.
2026-06-12 11:49:48 - 84 - INFO - Exported train and test file path.
2026-06-12 11:49:48 - 22 - INFO - Data Initiation Completed
2026-06-12 11:49:48 - 26 - INFO - Initiate the data Validation
2026-06-12 11:49:48 - 32 - INFO - Required number of columns:2
2026-06-12 11:49:48 - 33 - INFO - Data frame has columns:31
2026-06-12 11:49:48 - 32 - INFO - Required number of columns:2
2026-06-12 11:49:48 - 33 - INFO - Data frame has columns:31
2026-06-12 11:49:48 - 28 - INFO - data Validation Completed
2026-06-12 11:49:48 - 31 - INFO - data Transformation started
2026-06-12 11:49:48 - 63 - INFO - Entered initiate_data_transformation method of DataTransformation class
2026-06-12 11:49:48 - 65 - INFO - Starting data transformation
2026-06-12 11:49:48 - 48 - INFO - Entered get_data_trnasformer_object method of Trnasformation class
2026-06-12 11:49:48 - 53 - INFO - Initialise KNNImputer with {'missing_values': nan, 'n_neighbors': 3, 'weights': 'uniform'}
2026-06-12 11:49:48 - 46 - INFO - Entered the save_object method of MainUtils class
2026-06-12 11:49:48 - 50 - INFO - Exited the save_object method of MainUtils class
2026-06-12 11:49:48 - 46 - INFO - Entered the save_object method of MainUtils class
2026-06-12 11:49:48 - 50 - INFO - Exited the save_object method of MainUtils class
2026-06-12 11:49:48 - 35 - INFO - data Transformation completed
2026-06-12 11:49:48 - 37 - INFO - Model Training sstared
